<?xml version="1.0" encoding="UTF-8"?>
<testsuite xmlns:xsi="http://www.w3.org/2001/XMLSchema-instance" xsi:noNamespaceSchemaLocation="https://maven.apache.org/surefire/maven-surefire-plugin/xsd/surefire-test-report.xsd" name="ru.netology.javaqa.RadioTest" time="0.442" tests="26" errors="0" skipped="0" failures="0">
  <properties>
[...]
</properties>
  <testcase name="shouldNotSetVolumeAboveMax" classname="ru.netology.javaqa.RadioTest" time="0.195"/>
  <testcase name="shouldNotSetVolumeBelowMin" classname="ru.netology.javaqa.RadioTest" time="0"/>
  <testcase name="shouldSetPrevRadioStation" classname="ru.netology.javaqa.RadioTest" time="0.001"/>
  <testcase name="shouldSetMaxVolume" classname="ru.netology.javaqa.RadioTest" time="0"/>
  <testcase name="shouldSetBelowMaxVolume" classname="ru.netology.javaqa.RadioTest" time="0.008"/>
  <testcase name="shouldSetMaxRadioStation" classname="ru.netology.javaqa.RadioTest" time="0.003"/>
  <testcase name="shouldSetPrevRadioStationMin" classname="ru.netology.javaqa.RadioTest" time="0.005"/>
  <testcase name="shouldIncreaseVolume" classname="ru.netology.javaqa.RadioTest" time="0.004"/>
  <testcase name="shouldSetPrevRadioStationBelowMin" classname="ru.netology.javaqa.RadioTest" time="0.001"/>
  <testcase name="shouldSetMinVolume" classname="ru.netology.javaqa.RadioTest" time="0.009"/>
  <testcase name="shouldSetVolume" classname="ru.netology.javaqa.RadioTest" time="0"/>
  <testcase name="shouldNotNextRadioStationAboveMax" classname="ru.netology.javaqa.RadioTest" time="0.001"/>
  <testcase name="shouldSetRadioStationMin" classname="ru.netology.javaqa.RadioTest" time="0.007"/>
  <testcase name="shouldNotDecreaseVolumeBelowMin" classname="ru.netology.javaqa.RadioTest" time="0.001"/>
  <testcase name="shouldNotSetRadioStationAboveMax" classname="ru.netology.javaqa.RadioTest" time="0.003"/>
  <testcase name="shouldNotSetRadioStationAboveMin" classname="ru.netology.javaqa.RadioTest" time="0.006"/>
  <testcase name="shouldNotSetRadioStationBelowMin" classname="ru.netology.javaqa.RadioTest" time="0.004"/>
  <testcase name="shouldNextRadioStationToMax" classname="ru.netology.javaqa.RadioTest" time="0.007"/>
  <testcase name="shouldNotIncreaseVolumeAboveMax" classname="ru.netology.javaqa.RadioTest" time="0.005"/>
  <testcase name="shouldDecreaseVolume" classname="ru.netology.javaqa.RadioTest" time="0"/>
  <testcase name="shouldSetNextRadioStation" classname="ru.netology.javaqa.RadioTest" time="0.002"/>
  <testcase name="shouldSetAboveMinVolume" classname="ru.netology.javaqa.RadioTest" time="0.004"/>
  <testcase name="shouldSetRadioStation" classname="ru.netology.javaqa.RadioTest" time="0"/>
  <testcase name="shouldIncreaseVolumeToMax" classname="ru.netology.javaqa.RadioTest" time="0.001"/>
  <testcase name="shouldSetRadioStationBelowMax" classname="ru.netology.javaqa.RadioTest" time="0.001"/>
  <testcase name="shouldDecreaseVolumeToMin" classname="ru.netology.javaqa.RadioTest" time="0.002"/>
</testsuite>